\BOOKMARK [1][-]{section.1}{Introduction}{}% 1
\BOOKMARK [1][-]{section.2}{Implementation summary}{}% 2
\BOOKMARK [2][-]{subsection.2.1}{BaseModel}{section.2}% 3
\BOOKMARK [3][-]{subsubsection.2.1.1}{\137\137init\137\137}{subsection.2.1}% 4
\BOOKMARK [3][-]{subsubsection.2.1.2}{build\137model}{subsection.2.1}% 5
\BOOKMARK [3][-]{subsubsection.2.1.3}{switch\137soln\137file}{subsection.2.1}% 6
\BOOKMARK [3][-]{subsubsection.2.1.4}{run}{subsection.2.1}% 7
\BOOKMARK [3][-]{subsubsection.2.1.5}{presolve\137fixed\137capacities}{subsection.2.1}% 8
\BOOKMARK [3][-]{subsubsection.2.1.6}{fill\137peaker\137plants}{subsection.2.1}% 9
\BOOKMARK [2][-]{subsection.2.2}{ModelLoop}{section.2}% 10
\BOOKMARK [3][-]{subsubsection.2.2.1}{nsteps}{subsection.2.2}% 11
\BOOKMARK [3][-]{subsubsection.2.2.2}{df\137def\137loop}{subsection.2.2}% 12
\BOOKMARK [3][-]{subsubsection.2.2.3}{select\137run}{subsection.2.2}% 13
\BOOKMARK [3][-]{subsubsection.2.2.4}{Other methods}{subsection.2.2}% 14
\BOOKMARK [2][-]{subsection.2.3}{IO}{section.2}% 15
\BOOKMARK [3][-]{subsubsection.2.3.1}{Lists var\137*, par, dual}{subsection.2.3}% 16
\BOOKMARK [3][-]{subsubsection.2.3.2}{Dictionary dict\137cross\137table}{subsection.2.3}% 17
\BOOKMARK [3][-]{subsubsection.2.3.3}{write\137runtime\137tables}{subsection.2.3}% 18
\BOOKMARK [2][-]{subsection.2.4}{Summary of relationships between the classes IO/ModelBase/ModelLoop}{section.2}% 19
\BOOKMARK [3][-]{subsubsection.2.4.1}{Sets}{subsection.2.4}% 20
\BOOKMARK [2][-]{subsection.2.5}{Notes on energy carriers and fuels}{section.2}% 21
\BOOKMARK [3][-]{subsubsection.2.5.1}{Multiple fuels for a plant}{subsection.2.5}% 22
\BOOKMARK [3][-]{subsubsection.2.5.2}{Storage and energy carriers}{subsection.2.5}% 23
\BOOKMARK [3][-]{subsubsection.2.5.3}{Energy carriers are node-based}{subsection.2.5}% 24
\BOOKMARK [2][-]{subsection.2.6}{Input data structure}{section.2}% 25
\BOOKMARK [3][-]{subsubsection.2.6.1}{Description of tables}{subsection.2.6}% 26
\BOOKMARK [2][-]{subsection.2.7}{Output data structure}{section.2}% 27
\BOOKMARK [1][-]{section.3}{Model documentation}{}% 28
\BOOKMARK [2][-]{subsection.3.1}{Supply rule}{section.3}% 29
\BOOKMARK [2][-]{subsection.3.2}{Modeling of co-generation}{section.3}% 30
\BOOKMARK [2][-]{subsection.3.3}{Modelling of ramp rate costs}{section.3}% 31
\BOOKMARK [2][-]{subsection.3.4}{Modelling of hydro power and storage assets}{section.3}% 32
\BOOKMARK [3][-]{subsubsection.3.4.1}{Parameters}{subsection.3.4}% 33
\BOOKMARK [3][-]{subsubsection.3.4.2}{Constraints}{subsection.3.4}% 34
\BOOKMARK [2][-]{subsection.3.5}{Modeling of run-of-river plants}{section.3}% 35
\BOOKMARK [2][-]{subsection.3.6}{Short description of objective function}{section.3}% 36
