
Log for '/tmp/ephemeral.pyomo.lp' Clone_1 (V12.7.1.0) Tue May 29 11:09:11 2018

Tried aggregator 0 times.
Reduced presolve eliminated 28815 rows and 9561 columns.
Reduced LP has 36318 rows, 38065 columns, and 107279 nonzeros.
Presolve time = 0.04 sec. (29.83 ticks)
Parallel mode: using up to 6 threads for barrier.
Number of nonzeros in lower triangle of A*A' = 95866
Using Nested Dissection ordering
Total time for automatic ordering = 0.25 sec. (125.09 ticks)
Summary statistics for Cholesky factor:
  Threads                   = 6
  Rows in Factor            = 36318
  Integer space required    = 95424
  Total non-zeros in factor = 574821
  Total FP ops to factor    = 69744215
 Itn      Primal Obj        Dual Obj  Prim Inf Upper Inf  Dual Inf Inf Ratio
   0   1.3869914e+12  -6.6466693e+11  9.51e+08  1.35e+09  1.33e+08  1.00e+00
   1   4.1732331e+11  -3.9086559e+11  2.49e+08  3.52e+08  8.48e+07  9.77e-08
   2   1.9425294e+11  -2.1252035e+11  1.17e+08  1.66e+08  4.57e+07  9.57e-08
   3   1.1067909e+11  -6.0408902e+10  6.00e+07  8.49e+07  1.62e+07  1.78e-07
   4   5.9205844e+10  -2.3350918e+10  2.38e+07  3.37e+07  9.20e+06  3.07e-07
   5   4.0994199e+10   6.2001838e+09  1.00e+07  1.42e+07  3.88e+06  7.05e-07
   6   3.4487141e+10   1.8177326e+10  5.53e+06  7.82e+06  1.59e+06  1.75e-06
   7   3.0057350e+10   2.2151657e+10  2.75e+06  3.89e+06  7.47e+05  3.97e-06
   8   2.8373563e+10   2.3609496e+10  1.72e+06  2.43e+06  4.29e+05  7.27e-06
   9   2.6932129e+10   2.4463453e+10  8.61e+05  1.22e+06  2.33e+05  1.45e-05
  10   2.6191586e+10   2.4932792e+10  4.36e+05  6.16e+05  1.20e+05  3.05e-05
  11   2.5862263e+10   2.5177610e+10  2.53e+05  3.58e+05  5.79e+04  6.72e-05
  12   2.5610147e+10   2.5303738e+10  1.19e+05  1.68e+05  2.33e+04  1.81e-04
  13   2.5484103e+10   2.5345617e+10  5.18e+04  7.33e+04  1.15e+04  3.84e-04
  14   2.5427541e+10   2.5369972e+10  2.11e+04  2.98e+04  4.99e+03  9.55e-04
  15   2.5414072e+10   2.5376297e+10  1.39e+04  1.97e+04  3.24e+03  1.52e-03
  16   2.5399109e+10   2.5382492e+10  6.03e+03  8.53e+03  1.47e+03  3.56e-03
  17   2.5393638e+10   2.5385643e+10  3.22e+03  4.56e+03  5.20e+02  1.08e-02
  18   2.5390223e+10   2.5386012e+10  1.55e+03  2.20e+03  3.83e+02  1.44e-02
  19   2.5388682e+10   2.5386774e+10  7.33e+02  1.04e+03  1.58e+02  3.69e-02
  20   2.5387824e+10   2.5387061e+10  2.91e+02  4.12e+02  6.41e+01  9.06e-02
  21   2.5387456e+10   2.5387164e+10  1.01e+02  1.42e+02  3.11e+01  1.87e-01
  22   2.5387364e+10   2.5387238e+10  5.12e+01  7.24e+01  9.08e+00  6.99e-01
  23   2.5387278e+10   2.5387253e+10  8.36e+00  1.18e+01  3.19e+00  1.84e+00
  24   2.5387267e+10   2.5387263e+10  1.44e+00  2.03e+00  3.72e-01  1.75e+01
  25   2.5387264e+10   2.5387264e+10  2.76e-01  3.91e-01  3.47e-02  1.89e+02
  26   2.5387264e+10   2.5387264e+10  5.41e-02  7.65e-02  2.97e-03  1.91e+03
  27   2.5387264e+10   2.5387264e+10  6.64e-03  9.38e-03  2.93e-04  1.20e+04
Barrier time = 1.17 sec. (599.87 ticks)

Log for '/tmp/ephemeral.pyomo.lp' Clone_1 (V12.7.1.0) Tue May 29 11:09:12 2018


Primal crossover.
  Primal:  Fixing 12050 variables.
    12049 PMoves:  Infeasibility  6.96193388e-04  Objective  2.53872639e+10
     7819 PMoves:  Infeasibility  6.89136275e-04  Objective  2.53872639e+10
Parallel mode: deterministic, using up to 6 threads for concurrent optimization.

Dual crossover.
  Dual:  Fixing 11967 variables.
    11966 DMoves:  Infeasibility  5.16377037e-06  Objective  2.53872638e+10
     9365 DMoves:  Infeasibility  5.16379868e-06  Objective  2.53872638e+10
      821 PMoves:  Infeasibility  3.39495670e-06  Objective  2.53872638e+10
        0 DMoves:  Infeasibility  8.32735825e-11  Objective  2.53872638e+10
  Dual:  Pushed 10730, exchanged 1237.
        0 PMoves:  Infeasibility  6.36646299e-12  Objective  2.53872638e+10
  Primal:  Pushed 9453, exchanged 2597.
  Primal:  Fixing 468 variables.
      467 PMoves:  Infeasibility  0.00000000e+00  Objective  2.53872638e+10
        0 PMoves:  Infeasibility  6.42330633e-12  Objective  2.53872638e+10
  Primal:  Pushed 137, exchanged 331.
  Dual:  Fixing 13333 variables.
    13332 DMoves:  Infeasibility  6.21706976e+00  Objective  2.53872638e+10
Reinitializing dual norms . . .

Dual simplex solved model.


Dual simplex solved model.

Total crossover time = 0.19 sec. (161.43 ticks)

Total time on 6 threads = 1.44 sec. (916.86 ticks)
